PCAD Importer Log
Project : SIM808.LibPkg

Section : C:\Users\www\Google Диск\Projects\Altium\Libraries\SimCOM\SIM808.lia
    Section : PCB Library - SIM808.PcbLib
        Section : Load Messages
            Warning - 1 : Skipping Token SIM808 On Line 167
            Warning - 1 : Skipping Token attachedSymbol On Line 709
        EndSection

        Section : Import Messages
            Warning - 0 : PCAD Pattern Graphics [QFN100P2400X2400X260-68N][Primary] associated with PCAD Component [SIM808] has been renamed to PCB FootPrint [QFN100P2400X2400X260-68N_SIM808(Primary)].
            Warning : Rectangle solder shape converted to solid region
            Warning : Rectangle solder shape converted to solid region
            Warning : Rectangle solder shape converted to solid region
            Warning : Rectangle solder shape converted to solid region
            Warning : Rectangle solder shape converted to solid region
            Warning : Rectangle solder shape converted to solid region
            Warning : Rectangle solder shape converted to solid region
            Warning : Rectangle solder shape converted to solid region
            Warning : Rectangle solder shape converted to solid region
            Warning : Rectangle solder shape converted to solid region
            Warning : Rectangle solder shape converted to solid region
            Warning : Rectangle solder shape converted to solid region
            Warning : Rectangle solder shape converted to solid region
            Warning : Rectangle solder shape converted to solid region
            Warning : Rectangle solder shape converted to solid region
            Warning : Rectangle solder shape converted to solid region
            Warning : Rectangle solder shape converted to solid region
            Warning : Rectangle solder shape converted to solid region
            Warning : Rectangle solder shape converted to solid region
            Warning : Rectangle solder shape converted to solid region
            Warning : Rectangle solder shape converted to solid region
            Warning : Rectangle solder shape converted to solid region
            Warning : Rectangle solder shape converted to solid region
            Warning : Rectangle solder shape converted to solid region
            Warning : Rectangle solder shape converted to solid region
            Warning : Rectangle solder shape converted to solid region
            Warning : Rectangle solder shape converted to solid region
            Warning : Rectangle solder shape converted to solid region
            Warning : Rectangle solder shape converted to solid region
            Warning : Rectangle solder shape converted to solid region
            Warning : Rectangle solder shape converted to solid region
            Warning : Rectangle solder shape converted to solid region
            Warning : Rectangle solder shape converted to solid region
            Warning : Rectangle solder shape converted to solid region
            Warning : Rectangle solder shape converted to solid region
            Warning : Rectangle solder shape converted to solid region
            Warning : Rectangle solder shape converted to solid region
            Warning : Rectangle solder shape converted to solid region
            Warning : Rectangle solder shape converted to solid region
            Warning : Rectangle solder shape converted to solid region
            Warning : Rectangle solder shape converted to solid region
            Warning : Rectangle solder shape converted to solid region
            Warning : Rectangle solder shape converted to solid region
            Warning : Rectangle solder shape converted to solid region
            Warning : Rectangle solder shape converted to solid region
            Warning : Rectangle solder shape converted to solid region
            Warning : Rectangle solder shape converted to solid region
            Warning : Rectangle solder shape converted to solid region
            Warning : Rectangle solder shape converted to solid region
            Warning : Rectangle solder shape converted to solid region
            Warning : Rectangle solder shape converted to solid region
            Warning : Rectangle solder shape converted to solid region
            Warning : Rectangle solder shape converted to solid region
            Warning : Rectangle solder shape converted to solid region
            Warning : Rectangle solder shape converted to solid region
            Warning : Rectangle solder shape converted to solid region
            Warning : Rectangle solder shape converted to solid region
            Warning : Rectangle solder shape converted to solid region
            Warning : Rectangle solder shape converted to solid region
            Warning : Rectangle solder shape converted to solid region
            Warning : Rectangle solder shape converted to solid region
            Warning : Rectangle solder shape converted to solid region
            Warning : Rectangle solder shape converted to solid region
            Warning : Rectangle solder shape converted to solid region
            Warning : Rectangle solder shape converted to solid region
            Warning : Rectangle solder shape converted to solid region
            Warning : Rectangle solder shape converted to solid region
            Warning : Rectangle solder shape converted to solid region
            Warning : Rectangle solder shape converted to solid region
            Warning : Rectangle solder shape converted to solid region
            Warning : Rectangle solder shape converted to solid region
            Warning : Rectangle solder shape converted to solid region
            Warning : Rectangle solder shape converted to solid region
            Warning : Rectangle solder shape converted to solid region
            Warning : Rectangle solder shape converted to solid region
            Warning : Rectangle solder shape converted to solid region
            Warning : Rectangle solder shape converted to solid region
            Warning : Rectangle solder shape converted to solid region
            Warning : Rectangle solder shape converted to solid region
            Warning : Rectangle solder shape converted to solid region
            Warning : Rectangle solder shape converted to solid region
            Warning : Rectangle solder shape converted to solid region
            Warning : Rectangle solder shape converted to solid region
            Warning : Rectangle solder shape converted to solid region
            Warning : Rectangle solder shape converted to solid region
            Warning : Rectangle solder shape converted to solid region
            Warning : Rectangle solder shape converted to solid region
            Warning : Rectangle solder shape converted to solid region
            Warning : Rectangle solder shape converted to solid region
            Warning : Rectangle solder shape converted to solid region
            Warning : Rectangle solder shape converted to solid region
            Warning : Rectangle solder shape converted to solid region
            Warning : Rectangle solder shape converted to solid region
            Warning : Rectangle solder shape converted to solid region
            Warning : Rectangle solder shape converted to solid region
            Warning : Rectangle solder shape converted to solid region
            Warning : Rectangle solder shape converted to solid region
            Warning : Rectangle solder shape converted to solid region
            Warning : Rectangle solder shape converted to solid region
            Warning : Rectangle solder shape converted to solid region
            Warning : Rectangle solder shape converted to solid region
            Warning : Rectangle solder shape converted to solid region
            Warning : Rectangle solder shape converted to solid region
            Warning : Rectangle solder shape converted to solid region
            Warning : Rectangle solder shape converted to solid region
            Warning : Rectangle solder shape converted to solid region
            Warning : Rectangle solder shape converted to solid region
            Warning : Rectangle solder shape converted to solid region
            Warning : Rectangle solder shape converted to solid region
            Warning : Rectangle solder shape converted to solid region
            Warning : Rectangle solder shape converted to solid region
            Warning : Rectangle solder shape converted to solid region
            Warning : Rectangle solder shape converted to solid region
            Warning : Rectangle solder shape converted to solid region
            Warning : Rectangle solder shape converted to solid region
            Warning : Rectangle solder shape converted to solid region
            Warning : Rectangle solder shape converted to solid region
            Warning : Rectangle solder shape converted to solid region
            Warning : Rectangle solder shape converted to solid region
            Warning : Rectangle solder shape converted to solid region
            Warning : Rectangle solder shape converted to solid region
            Warning : Rectangle solder shape converted to solid region
            Warning : Rectangle solder shape converted to solid region
            Warning : Rectangle solder shape converted to solid region
            Warning : Rectangle solder shape converted to solid region
            Warning : Rectangle solder shape converted to solid region
            Warning : Rectangle solder shape converted to solid region
            Warning : Rectangle solder shape converted to solid region
            Warning : Rectangle solder shape converted to solid region
            Warning : Rectangle solder shape converted to solid region
            Warning : Rectangle solder shape converted to solid region
            Warning : Rectangle solder shape converted to solid region
            Warning : Rectangle solder shape converted to solid region
            Warning : Rectangle solder shape converted to solid region
            Warning : Rectangle solder shape converted to solid region
            Warning : Rectangle solder shape converted to solid region
        EndSection
    EndSection

    Section : SCH Library - SIM808.SchLib
        Section : Parsing Messages
            Warning - 1 : Skipping Token padStyleDef On Line 9
            Warning - 1 : Skipping Token multiLayer On Line 60
            Warning - 1 : Skipping Token layerContents On Line 130
            Warning - 1 : Skipping Token layerContents On Line 141
        EndSection

        Section : Generating SCH Library - SIM808.SchLib
            Warning - 0 : PCAD Pattern Graphics [QFN100P2400X2400X260-68N][Primary] associated with PCAD Component [SIM808] has been renamed to PCB FootPrint [QFN100P2400X2400X260-68N_SIM808(Primary)].
        EndSection
    EndSection
EndSection
